<?xml version="1.0" encoding="UTF-8"?>
<testsuite xmlns:xsi="http://www.w3.org/2001/XMLSchema-instance" xsi:noNamespaceSchemaLocation="https://maven.apache.org/surefire/maven-surefire-plugin/xsd/surefire-test-report-3.0.xsd" version="3.0" name="com.Ntra.PROGIGS.ProgigsApplicationTests" time="9.342" tests="1" errors="0" skipped="0" failures="0">
  <properties>
[...]
</properties>
  <testcase name="contextLoads" classname="com.Ntra.PROGIGS.ProgigsApplicationTests" time="0.424">
    <system-out><![CDATA[15:13:57.280 [main] INFO org.springframework.test.context.support.AnnotationConfigContextLoaderUtils -- Could not detect default configuration classes for test class [com.Ntra.PROGIGS.ProgigsApplicationTests]: ProgigsApplicationTests does not declare any static, non-private, non-final, nested classes annotated with @Configuration.
15:13:57.433 [main] INFO org.springframework.boot.test.context.SpringBootTestContextBootstrapper -- Found @SpringBootConfiguration com.ntra.progigs.ProGigApplication for test class com.Ntra.PROGIGS.ProgigsApplicationTests
15:13:57.689 [main] INFO org.springframework.boot.devtools.restart.RestartApplicationListener -- Restart disabled due to context in which it is running

  .   ____          _            __ _ _
 /\\ / ___'_ __ _ _(_)_ __  __ _ \ \ \ \
( ( )\___ | '_ | '_| | '_ \/ _` | \ \ \ \
 \\/  ___)| |_)| | | | | || (_| |  ) ) ) )
  '  |____| .__|_| |_|_| |_\__, | / / / /
 =========|_|==============|___/=/_/_/_/

 :: Spring Boot ::                (v3.3.2)

2025-09-26T15:13:58.046+05:30  INFO 18116 --- [PROGIGS] [           main] c.Ntra.PROGIGS.ProgigsApplicationTests   : Starting ProgigsApplicationTests using Java 21.0.8 with PID 18116 (started by Admin in D:\New folder\freelancer-platform-react-java\backend\PROGIGS)
2025-09-26T15:13:58.048+05:30  INFO 18116 --- [PROGIGS] [           main] c.Ntra.PROGIGS.ProgigsApplicationTests   : The following 1 profile is active: "dev"
2025-09-26T15:13:59.247+05:30  INFO 18116 --- [PROGIGS] [           main] .s.d.r.c.RepositoryConfigurationDelegate : Bootstrapping Spring Data JPA repositories in DEFAULT mode.
2025-09-26T15:13:59.340+05:30  INFO 18116 --- [PROGIGS] [           main] .s.d.r.c.RepositoryConfigurationDelegate : Finished Spring Data repository scanning in 85 ms. Found 14 JPA repository interfaces.
2025-09-26T15:14:00.048+05:30  INFO 18116 --- [PROGIGS] [           main] o.hibernate.jpa.internal.util.LogHelper  : HHH000204: Processing PersistenceUnitInfo [name: default]
2025-09-26T15:14:00.133+05:30  INFO 18116 --- [PROGIGS] [           main] org.hibernate.Version                    : HHH000412: Hibernate ORM core version 6.5.2.Final
2025-09-26T15:14:00.177+05:30  INFO 18116 --- [PROGIGS] [           main] o.h.c.internal.RegionFactoryInitiator    : HHH000026: Second-level cache disabled
2025-09-26T15:14:00.636+05:30  INFO 18116 --- [PROGIGS] [           main] o.s.o.j.p.SpringPersistenceUnitInfo      : No LoadTimeWeaver setup: ignoring JPA class transformer
2025-09-26T15:14:00.682+05:30  INFO 18116 --- [PROGIGS] [           main] com.zaxxer.hikari.HikariDataSource       : HikariPool-1 - Starting...
2025-09-26T15:14:01.146+05:30  INFO 18116 --- [PROGIGS] [           main] com.zaxxer.hikari.pool.HikariPool        : HikariPool-1 - Added connection com.mysql.cj.jdbc.ConnectionImpl@3ff26c9
2025-09-26T15:14:01.148+05:30  INFO 18116 --- [PROGIGS] [           main] com.zaxxer.hikari.HikariDataSource       : HikariPool-1 - Start completed.
2025-09-26T15:14:01.273+05:30  WARN 18116 --- [PROGIGS] [           main] org.hibernate.orm.deprecation            : HHH90000025: MySQLDialect does not need to be specified explicitly using 'hibernate.dialect' (remove the property setting and it will be selected by default)
2025-09-26T15:14:02.434+05:30  INFO 18116 --- [PROGIGS] [           main] o.h.e.t.j.p.i.JtaPlatformInitiator       : HHH000489: No JTA platform available (set 'hibernate.transaction.jta.platform' to enable JTA platform integration)
2025-09-26T15:14:02.969+05:30  INFO 18116 --- [PROGIGS] [           main] j.LocalContainerEntityManagerFactoryBean : Initialized JPA EntityManagerFactory for persistence unit 'default'
2025-09-26T15:14:03.406+05:30  INFO 18116 --- [PROGIGS] [           main] o.s.d.j.r.query.QueryEnhancerFactory     : Hibernate is in classpath; If applicable, HQL parser will be used.
2025-09-26T15:14:04.237+05:30  INFO 18116 --- [PROGIGS] [           main] r$InitializeUserDetailsManagerConfigurer : Global AuthenticationManager configured with UserDetailsService bean with name userImpl
2025-09-26T15:14:04.851+05:30  WARN 18116 --- [PROGIGS] [           main] JpaBaseConfiguration$JpaWebConfiguration : spring.jpa.open-in-view is enabled by default. Therefore, database queries may be performed during view rendering. Explicitly configure spring.jpa.open-in-view to disable this warning
2025-09-26T15:14:05.884+05:30  INFO 18116 --- [PROGIGS] [           main] c.Ntra.PROGIGS.ProgigsApplicationTests   : Started ProgigsApplicationTests in 8.216 seconds (process running for 9.524)
]]></system-out>
    <system-err><![CDATA[WARNING: A Java agent has been loaded dynamically (C:\Users\Admin\.m2\repository\net\bytebuddy\byte-buddy-agent\1.14.18\byte-buddy-agent-1.14.18.jar)
WARNING: If a serviceability tool is in use, please run with -XX:+EnableDynamicAgentLoading to hide this warning
WARNING: If a serviceability tool is not in use, please run with -Djdk.instrument.traceUsage for more information
WARNING: Dynamic loading of agents will be disallowed by default in a future release
]]></system-err>
  </testcase>
</testsuite>